<?xml version="1.0" encoding="UTF-8"?>
<!-- Generated by org.testng.reporters.JUnitReportReporter -->
<testsuite skipped="0" hostname="ChetnaM-PC" name="com.adv.qa.selenium.tests.currency.A035_Structure_RebuildTest" tests="1" failures="0" timestamp="27 Jun 2017 14:56:11 GMT" time="132.443" errors="0">
  <testcase name="verify" time="132.443" classname="com.adv.qa.selenium.tests.currency.A035_Structure_RebuildTest"/>
</testsuite> <!-- com.adv.qa.selenium.tests.currency.A035_Structure_RebuildTest -->
