<?xml version="1.0" encoding="UTF-8"?>
<!-- Generated by org.testng.reporters.JUnitReportReporter -->
<testsuite name="com.adv.qa.selenium.tests.currency.A032_Management_CodesTest" tests="1" time="571.841" ignored="0" failures="0" timestamp="23 May 2017 15:57:22 GMT" skipped="0" hostname="ChetnaM-PC" errors="0">
  <testcase name="verify" time="571.841" classname="com.adv.qa.selenium.tests.currency.A032_Management_CodesTest"/>
</testsuite> <!-- com.adv.qa.selenium.tests.currency.A032_Management_CodesTest -->
