<?xml version="1.0" encoding="UTF-8"?>
<!-- Generated by org.testng.reporters.JUnitReportReporter -->
<testsuite skipped="0" hostname="ChetnaM-PC" name="com.adv.qa.selenium.tests.currency.A010_Environment_Groups_Test" tests="1" failures="0" timestamp="22 Jun 2017 15:32:36 GMT" time="175.102" errors="0">
  <testcase name="verify" time="175.102" classname="com.adv.qa.selenium.tests.currency.A010_Environment_Groups_Test"/>
</testsuite> <!-- com.adv.qa.selenium.tests.currency.A010_Environment_Groups_Test -->
