<?xml version="1.0" encoding="UTF-8"?>
<!-- Generated by org.testng.reporters.JUnitReportReporter -->
<testsuite name="com.adv.qa.selenium.tests.currency.A004_Currency_Exchange_Rate_TypesTest" tests="1" time="1429.283" ignored="0" failures="0" timestamp="23 May 2017 08:35:04 GMT" skipped="0" hostname="ChetnaM-PC" errors="0">
  <testcase name="verify" time="1429.283" classname="com.adv.qa.selenium.tests.currency.A004_Currency_Exchange_Rate_TypesTest"/>
</testsuite> <!-- com.adv.qa.selenium.tests.currency.A004_Currency_Exchange_Rate_TypesTest -->
