<?xml version="1.0" encoding="UTF-8"?>
<!-- Generated by org.testng.reporters.JUnitReportReporter -->
<testsuite name="com.adv.qa.selenium.tests.currency.A005_Currency_Exchange_RatesTest" tests="1" time="659.601" ignored="0" failures="0" timestamp="23 May 2017 08:06:51 GMT" skipped="0" hostname="ChetnaM-PC" errors="0">
  <testcase name="verify" time="659.601" classname="com.adv.qa.selenium.tests.currency.A005_Currency_Exchange_RatesTest"/>
</testsuite> <!-- com.adv.qa.selenium.tests.currency.A005_Currency_Exchange_RatesTest -->
