<?xml version="1.0" encoding="UTF-8"?>
<!-- Generated by org.testng.reporters.JUnitReportReporter -->
<testsuite name="com.adv.qa.selenium.tests.currency.A032A_PathKeyNewParentTest" tests="1" time="918.307" ignored="0" failures="0" timestamp="23 May 2017 15:57:22 GMT" skipped="0" hostname="ChetnaM-PC" errors="0">
  <testcase name="verify" time="918.307" classname="com.adv.qa.selenium.tests.currency.A032A_PathKeyNewParentTest"/>
</testsuite> <!-- com.adv.qa.selenium.tests.currency.A032A_PathKeyNewParentTest -->
