<?xml version="1.0" encoding="UTF-8"?>
<!-- Generated by org.testng.reporters.JUnitReportReporter -->
<testsuite hostname="Draxayani-PC" name="com.adv.qa.selenium.tests.currency.phase3.AD03013_IM_Audit_ReportsTest" tests="1" failures="0" timestamp="4 Nov 2014 10:29:33 GMT" time="607.319" errors="0">
  <testcase name="verify" time="607.319" classname="com.adv.qa.selenium.tests.currency.phase3.AD03013_IM_Audit_ReportsTest"/>
</testsuite> <!-- com.adv.qa.selenium.tests.currency.phase3.AD03013_IM_Audit_ReportsTest -->
