<?xml version="1.0" encoding="UTF-8"?>
<!-- Generated by org.testng.reporters.JUnitReportReporter -->
<testsuite hostname="Draxayani-PC" name="com.adv.qa.selenium.tests.currency.phase3.AD02013_Create_Service_OrderTest" tests="1" failures="0" timestamp="4 Nov 2014 08:40:35 GMT" time="71.457" errors="0">
  <testcase name="verify" time="71.457" classname="com.adv.qa.selenium.tests.currency.phase3.AD02013_Create_Service_OrderTest"/>
</testsuite> <!-- com.adv.qa.selenium.tests.currency.phase3.AD02013_Create_Service_OrderTest -->
