<?xml version="1.0" encoding="UTF-8"?>
<!-- Generated by org.testng.reporters.JUnitReportReporter -->
<testsuite name="com.adv.qa.selenium.tests.currency.phase3.A118_StopandStartExecutors" tests="1" time="378.732" ignored="0" failures="0" timestamp="05 Jun 2017 08:19:23 GMT" skipped="0" hostname="ChetnaM-PC" errors="0">
  <testcase name="verify" time="378.732" classname="com.adv.qa.selenium.tests.currency.phase3.A118_StopandStartExecutors"/>
</testsuite> <!-- com.adv.qa.selenium.tests.currency.phase3.A118_StopandStartExecutors -->
