<?xml version="1.0" encoding="UTF-8"?>
<!-- Generated by org.testng.reporters.JUnitReportReporter -->
<testsuite skipped="0" hostname="ChetnaM-PC" name="com.adv.qa.selenium.tests.currency.A016A_Normal_Balance_Sheet_GroupsTest" tests="1" failures="0" timestamp="05 Jul 2017 17:38:09 GMT" time="163.248" errors="0">
  <testcase name="verify" time="163.248" classname="com.adv.qa.selenium.tests.currency.A016A_Normal_Balance_Sheet_GroupsTest"/>
</testsuite> <!-- com.adv.qa.selenium.tests.currency.A016A_Normal_Balance_Sheet_GroupsTest -->
