<?xml version="1.0" encoding="UTF-8"?>
<!-- Generated by org.testng.reporters.JUnitReportReporter -->
<testsuite skipped="0" hostname="ChetnaM-PC" name="com.adv.qa.selenium.tests.currency.A029_Default_Structure_ElementsTest" tests="1" failures="0" timestamp="28 Jun 2017 07:33:06 GMT" time="200.044" errors="0">
  <testcase name="verify" time="200.044" classname="com.adv.qa.selenium.tests.currency.A029_Default_Structure_ElementsTest"/>
</testsuite> <!-- com.adv.qa.selenium.tests.currency.A029_Default_Structure_ElementsTest -->
