<?xml version="1.0" encoding="UTF-8"?>
<!-- Generated by org.testng.reporters.JUnitReportReporter -->
<testsuite skipped="0" hostname="ChetnaM-PC" name="com.adv.qa.selenium.tests.currency.A027_Default_StructureTest" tests="1" failures="0" timestamp="27 Jun 2017 13:58:15 GMT" time="209.311" errors="0">
  <testcase name="verify" time="209.311" classname="com.adv.qa.selenium.tests.currency.A027_Default_StructureTest"/>
</testsuite> <!-- com.adv.qa.selenium.tests.currency.A027_Default_StructureTest -->
