<?xml version="1.0" encoding="UTF-8"?>
<!-- Generated by org.testng.reporters.JUnitReportReporter -->
<testsuite name="com.adv.qa.selenium.tests.currency.phase2.A045_BACS_CalendarTest" tests="1" time="138.901" ignored="0" failures="0" timestamp="24 May 2017 10:21:42 GMT" skipped="0" hostname="ChetnaM-PC" errors="0">
  <testcase name="verify" time="138.901" classname="com.adv.qa.selenium.tests.currency.phase2.A045_BACS_CalendarTest"/>
</testsuite> <!-- com.adv.qa.selenium.tests.currency.phase2.A045_BACS_CalendarTest -->
