<?xml version="1.0" encoding="UTF-8"?>
<!-- Generated by org.testng.reporters.JUnitReportReporter -->
<testsuite name="com.adv.qa.selenium.tests.currency.phase3.A103_IM_AccountsTest" tests="1" time="418.693" ignored="0" failures="0" timestamp="11 May 2017 09:49:05 GMT" skipped="0" hostname="ChetnaM-PC" errors="0">
  <testcase name="verify" time="418.693" classname="com.adv.qa.selenium.tests.currency.phase3.A103_IM_AccountsTest"/>
</testsuite> <!-- com.adv.qa.selenium.tests.currency.phase3.A103_IM_AccountsTest -->
