<?xml version="1.0" encoding="UTF-8"?>
<!-- Generated by org.testng.reporters.JUnitReportReporter -->
<testsuite skipped="0" hostname="ChetnaM-PC" name="com.adv.qa.selenium.tests.currency.A011_UsersTest" tests="1" failures="0" timestamp="27 Jun 2017 07:30:10 GMT" time="926.533" errors="0">
  <testcase name="verify" time="926.533" classname="com.adv.qa.selenium.tests.currency.A011_UsersTest"/>
</testsuite> <!-- com.adv.qa.selenium.tests.currency.A011_UsersTest -->
