<?xml version="1.0" encoding="UTF-8"?>
<!-- Generated by org.testng.reporters.JUnitReportReporter -->
<testsuite skipped="0" hostname="ChetnaM-PC" name="com.adv.qa.selenium.tests.currency.A026_Layout_CodesTest" tests="1" failures="0" timestamp="27 Jun 2017 13:58:15 GMT" time="206.134" errors="0">
  <testcase name="verify" time="206.134" classname="com.adv.qa.selenium.tests.currency.A026_Layout_CodesTest"/>
</testsuite> <!-- com.adv.qa.selenium.tests.currency.A026_Layout_CodesTest -->
