<?xml version="1.0" encoding="UTF-8"?>
<!-- Generated by org.testng.reporters.JUnitReportReporter -->
<testsuite hostname="Draxayani-PC" name="com.adv.qa.selenium.tests.currency.phase3.AD12004_Create_Order_With_Authorisation_Switched_OnTest" tests="1" failures="0" timestamp="7 Nov 2014 11:29:51 GMT" time="685.208" errors="0">
  <testcase name="verify" time="685.208" classname="com.adv.qa.selenium.tests.currency.phase3.AD12004_Create_Order_With_Authorisation_Switched_OnTest"/>
</testsuite> <!-- com.adv.qa.selenium.tests.currency.phase3.AD12004_Create_Order_With_Authorisation_Switched_OnTest -->
