<?xml version="1.0" encoding="UTF-8"?>
<!-- Generated by org.testng.reporters.JUnitReportReporter -->
<testsuite name="com.adv.qa.selenium.tests.currency.phase2.A081A_Authorisation_Groupings_For_PMTest" tests="1" time="392.647" ignored="0" failures="0" timestamp="24 May 2017 15:57:59 GMT" skipped="0" hostname="ChetnaM-PC" errors="0">
  <testcase name="verify" time="392.647" classname="com.adv.qa.selenium.tests.currency.phase2.A081A_Authorisation_Groupings_For_PMTest"/>
</testsuite> <!-- com.adv.qa.selenium.tests.currency.phase2.A081A_Authorisation_Groupings_For_PMTest -->
