<?xml version="1.0" encoding="UTF-8"?>
<!-- Generated by org.testng.reporters.JUnitReportReporter -->
<testsuite skipped="0" hostname="ChetnaM-PC" name="com.adv.qa.selenium.tests.currency.A035_Structure_RebuildSQLTest" tests="1" failures="0" timestamp="14 Jun 2017 06:47:41 GMT" time="140.778" errors="0">
  <testcase name="verify" time="140.778" classname="com.adv.qa.selenium.tests.currency.A035_Structure_RebuildSQLTest"/>
</testsuite> <!-- com.adv.qa.selenium.tests.currency.A035_Structure_RebuildSQLTest -->
