<?xml version="1.0" encoding="UTF-8"?>
<!-- Generated by org.testng.reporters.JUnitReportReporter -->
<testsuite name="com.adv.qa.selenium.tests.currency.phase2.A056_AP_Ledger_ControlsTest" tests="1" time="457.221" ignored="0" failures="0" timestamp="24 May 2017 11:25:02 GMT" skipped="0" hostname="ChetnaM-PC" errors="0">
  <testcase name="verify" time="457.221" classname="com.adv.qa.selenium.tests.currency.phase2.A056_AP_Ledger_ControlsTest"/>
</testsuite> <!-- com.adv.qa.selenium.tests.currency.phase2.A056_AP_Ledger_ControlsTest -->
