<?xml version="1.0" encoding="UTF-8"?>
<!-- Generated by org.testng.reporters.JUnitReportReporter -->
<testsuite name="com.adv.qa.selenium.tests.currency.A035_Structure_RebuildSQLTest" tests="1" time="123.916" ignored="0" failures="0" timestamp="21 Apr 2017 13:29:12 GMT" skipped="0" hostname="ChetnaM-PC" errors="0">
  <testcase name="verify" time="123.916" classname="com.adv.qa.selenium.tests.currency.A035_Structure_RebuildSQLTest"/>
</testsuite> <!-- com.adv.qa.selenium.tests.currency.A035_Structure_RebuildSQLTest -->
