<?xml version="1.0" encoding="UTF-8"?>
<!-- Generated by org.testng.reporters.JUnitReportReporter -->
<testsuite name="com.adv.qa.selenium.tests.currency.phase3.A096_Business_Event_Manager_Action_ListTest" tests="1" time="78.251" ignored="0" failures="0" timestamp="08 May 2017 12:17:24 GMT" skipped="0" hostname="ChetnaM-PC" errors="0">
  <testcase name="verify" time="78.251" classname="com.adv.qa.selenium.tests.currency.phase3.A096_Business_Event_Manager_Action_ListTest"/>
</testsuite> <!-- com.adv.qa.selenium.tests.currency.phase3.A096_Business_Event_Manager_Action_ListTest -->
