<?xml version="1.0" encoding="UTF-8"?>
<!-- Generated by org.testng.reporters.JUnitReportReporter -->
<testsuite name="com.adv.qa.selenium.tests.currency.phase3.A102_ICA_Default_Trading_RelationshipsTest" tests="1" time="97.869" ignored="0" failures="0" timestamp="11 May 2017 07:03:34 GMT" skipped="0" hostname="ChetnaM-PC" errors="0">
  <testcase name="verify" time="97.869" classname="com.adv.qa.selenium.tests.currency.phase3.A102_ICA_Default_Trading_RelationshipsTest"/>
</testsuite> <!-- com.adv.qa.selenium.tests.currency.phase3.A102_ICA_Default_Trading_RelationshipsTest -->
