<?xml version="1.0" encoding="UTF-8"?>
<!-- Generated by org.testng.reporters.JUnitReportReporter -->
<testsuite hostname="Draxayani-PC" name="com.adv.qa.selenium.tests.currency.phase3.AD10005_Enter_FOC_InvoiceTest" tests="1" failures="0" timestamp="5 Nov 2014 10:11:14 GMT" time="306.483" errors="0">
  <testcase name="verify" time="306.483" classname="com.adv.qa.selenium.tests.currency.phase3.AD10005_Enter_FOC_InvoiceTest"/>
</testsuite> <!-- com.adv.qa.selenium.tests.currency.phase3.AD10005_Enter_FOC_InvoiceTest -->
