<?xml version="1.0" encoding="UTF-8"?>
<!-- Generated by org.testng.reporters.JUnitReportReporter -->
<testsuite skipped="0" hostname="ChetnaM-PC" name="com.adv.qa.selenium.tests.currency.A025_FormulaTest" tests="1" failures="0" timestamp="06 Jul 2017 18:00:40 GMT" time="211.574" errors="0">
  <testcase name="verify" time="211.574" classname="com.adv.qa.selenium.tests.currency.A025_FormulaTest"/>
</testsuite> <!-- com.adv.qa.selenium.tests.currency.A025_FormulaTest -->
