<?xml version="1.0" encoding="UTF-8"?>
<!-- Generated by org.testng.reporters.JUnitReportReporter -->
<testsuite skipped="0" hostname="ChetnaM-PC" name="com.adv.qa.selenium.tests.currency.A038_Process_EP2Test" tests="1" failures="0" timestamp="05 Jul 2017 17:38:09 GMT" time="132.987" errors="0">
  <testcase name="verify" time="132.987" classname="com.adv.qa.selenium.tests.currency.A038_Process_EP2Test"/>
</testsuite> <!-- com.adv.qa.selenium.tests.currency.A038_Process_EP2Test -->
