<?xml version="1.0" encoding="UTF-8"?>
<!-- Generated by org.testng.reporters.JUnitReportReporter -->
<testsuite hostname="Draxayani-PC" name="com.adv.qa.selenium.tests.currency.phase3.AD12005_Supplier_Financial_CommitmentTest" tests="1" failures="0" timestamp="7 Nov 2014 12:07:17 GMT" time="197.835" errors="0">
  <testcase name="verify" time="197.835" classname="com.adv.qa.selenium.tests.currency.phase3.AD12005_Supplier_Financial_CommitmentTest"/>
</testsuite> <!-- com.adv.qa.selenium.tests.currency.phase3.AD12005_Supplier_Financial_CommitmentTest -->
