<?xml version="1.0" encoding="UTF-8"?>
<!-- Generated by org.testng.reporters.JUnitReportReporter -->
<testsuite name="com.adv.qa.selenium.tests.currency.A041_Group_Category_And_Structure_PostingsPostgreSQLTest" tests="1" time="592.781" ignored="0" failures="0" timestamp="24 May 2017 07:12:52 GMT" skipped="0" hostname="ChetnaM-PC" errors="0">
  <testcase name="verify" time="592.781" classname="com.adv.qa.selenium.tests.currency.A041_Group_Category_And_Structure_PostingsPostgreSQLTest"/>
</testsuite> <!-- com.adv.qa.selenium.tests.currency.A041_Group_Category_And_Structure_PostingsPostgreSQLTest -->
