<?xml version="1.0" encoding="UTF-8"?>
<!-- Generated by org.testng.reporters.JUnitReportReporter -->
<testsuite name="com.adv.qa.selenium.tests.currency.phase3.A098_Item_CreationTest" tests="1" time="1915.841" ignored="0" failures="0" timestamp="25 May 2017 10:16:07 GMT" skipped="0" hostname="ChetnaM-PC" errors="0">
  <testcase name="verify" time="1915.841" classname="com.adv.qa.selenium.tests.currency.phase3.A098_Item_CreationTest"/>
</testsuite> <!-- com.adv.qa.selenium.tests.currency.phase3.A098_Item_CreationTest -->
