<?xml version="1.0" encoding="UTF-8"?>
<!-- Generated by org.testng.reporters.JUnitReportReporter -->
<testsuite hostname="Draxayani-PC" name="com.adv.qa.selenium.tests.currency.phase3.AD09008_Enquiries_Document_ListTest" tests="1" failures="0" timestamp="4 Nov 2014 11:37:19 GMT" time="59.704" errors="0">
  <testcase name="verify" time="59.704" classname="com.adv.qa.selenium.tests.currency.phase3.AD09008_Enquiries_Document_ListTest"/>
</testsuite> <!-- com.adv.qa.selenium.tests.currency.phase3.AD09008_Enquiries_Document_ListTest -->
