<?xml version="1.0" encoding="UTF-8"?>
<!-- Generated by org.testng.reporters.JUnitReportReporter -->
<testsuite skipped="0" hostname="ChetnaM-PC" name="com.adv.qa.selenium.tests.currency.A021_Batch_TypesTest" tests="1" failures="0" timestamp="27 Jun 2017 13:12:16 GMT" time="182.304" errors="0">
  <testcase name="verify" time="182.304" classname="com.adv.qa.selenium.tests.currency.A021_Batch_TypesTest"/>
</testsuite> <!-- com.adv.qa.selenium.tests.currency.A021_Batch_TypesTest -->
