<?xml version="1.0" encoding="UTF-8"?>
<!-- Generated by org.testng.reporters.JUnitReportReporter -->
<testsuite name="com.adv.qa.selenium.tests.currency.phase3.A109_Element_Control_AccountsTest" tests="1" time="155.278" ignored="0" failures="0" timestamp="15 May 2017 11:25:58 GMT" skipped="0" hostname="ChetnaM-PC" errors="0">
  <testcase name="verify" time="155.278" classname="com.adv.qa.selenium.tests.currency.phase3.A109_Element_Control_AccountsTest"/>
</testsuite> <!-- com.adv.qa.selenium.tests.currency.phase3.A109_Element_Control_AccountsTest -->
