<?xml version="1.0" encoding="UTF-8"?>
<!-- Generated by org.testng.reporters.JUnitReportReporter -->
<testsuite skipped="0" hostname="ChetnaM-PC" name="com.adv.qa.selenium.tests.currency.A040_ICA_Data_EntryTest" tests="1" failures="0" timestamp="10 Jul 2017 10:11:12 GMT" time="1271.815" errors="0">
  <testcase name="verify" time="1271.815" classname="com.adv.qa.selenium.tests.currency.A040_ICA_Data_EntryTest"/>
</testsuite> <!-- com.adv.qa.selenium.tests.currency.A040_ICA_Data_EntryTest -->
