<?xml version="1.0" encoding="UTF-8"?>
<!-- Generated by org.testng.reporters.JUnitReportReporter -->
<testsuite hostname="Draxayani-PC" name="com.adv.qa.selenium.tests.currency.BalanceProfitEnquiryScreenTest" tests="1" failures="0" timestamp="14 Apr 2014 09:22:16 GMT" time="32.641" errors="0">
  <testcase name="verify" time="32.641" classname="com.adv.qa.selenium.tests.currency.BalanceProfitEnquiryScreenTest"/>
</testsuite> <!-- com.adv.qa.selenium.tests.currency.BalanceProfitEnquiryScreenTest -->
