<?xml version="1.0" encoding="UTF-8"?>
<!-- Generated by org.testng.reporters.JUnitReportReporter -->
<testsuite name="com.adv.qa.selenium.tests.currency.phase3.A091A_SupplierAuditTest" tests="1" time="151.058" ignored="0" failures="0" timestamp="04 May 2017 11:38:21 GMT" skipped="0" hostname="ChetnaM-PC" errors="0">
  <testcase name="verify" time="151.058" classname="com.adv.qa.selenium.tests.currency.phase3.A091A_SupplierAuditTest"/>
</testsuite> <!-- com.adv.qa.selenium.tests.currency.phase3.A091A_SupplierAuditTest -->
