<?xml version="1.0" encoding="UTF-8"?>
<!-- Generated by org.testng.reporters.JUnitReportReporter -->
<testsuite skipped="0" hostname="ChetnaM-PC" name="com.adv.qa.selenium.tests.currency.A007_DevicesTest" tests="1" failures="0" timestamp="22 Jun 2017 15:32:36 GMT" time="128.553" errors="0">
  <testcase name="verify" time="128.553" classname="com.adv.qa.selenium.tests.currency.A007_DevicesTest"/>
</testsuite> <!-- com.adv.qa.selenium.tests.currency.A007_DevicesTest -->
