<?xml version="1.0" encoding="UTF-8"?>
<!-- Generated by org.testng.reporters.JUnitReportReporter -->
<testsuite name="com.adv.qa.selenium.tests.currency.phase2.A060_Payment_CodesTest" tests="1" time="626.344" ignored="0" failures="0" timestamp="25 May 2017 05:22:13 GMT" skipped="0" hostname="ChetnaM-PC" errors="0">
  <testcase name="verify" time="626.344" classname="com.adv.qa.selenium.tests.currency.phase2.A060_Payment_CodesTest"/>
</testsuite> <!-- com.adv.qa.selenium.tests.currency.phase2.A060_Payment_CodesTest -->
