<?xml version="1.0" encoding="UTF-8"?>
<!-- Generated by org.testng.reporters.JUnitReportReporter -->
<testsuite name="com.adv.qa.selenium.tests.currency.A041_Group_Category_And_Structure_PostingsOracleTest" tests="1" time="186.648" ignored="0" failures="0" timestamp="23 Mar 2017 10:57:50 GMT" skipped="0" hostname="ChetnaM-PC" errors="0">
  <testcase name="verify" time="186.648" classname="com.adv.qa.selenium.tests.currency.A041_Group_Category_And_Structure_PostingsOracleTest"/>
</testsuite> <!-- com.adv.qa.selenium.tests.currency.A041_Group_Category_And_Structure_PostingsOracleTest -->
