<?xml version="1.0" encoding="UTF-8"?>
<!-- Generated by org.testng.reporters.JUnitReportReporter -->
<testsuite name="com.adv.qa.selenium.tests.currency.A038_Process_EP2OracleTest" tests="1" time="118.084" ignored="0" failures="0" timestamp="23 Mar 2017 08:27:57 GMT" skipped="0" hostname="ChetnaM-PC" errors="0">
  <testcase name="verify" time="118.084" classname="com.adv.qa.selenium.tests.currency.A038_Process_EP2OracleTest"/>
</testsuite> <!-- com.adv.qa.selenium.tests.currency.A038_Process_EP2OracleTest -->
