<?xml version="1.0" encoding="UTF-8"?>
<!-- Generated by org.testng.reporters.JUnitReportReporter -->
<testsuite skipped="0" hostname="ChetnaM-PC" name="com.adv.qa.selenium.tests.currency.A032A_PathKeyNewParentTest" tests="1" failures="0" timestamp="27 Jun 2017 14:56:11 GMT" time="527.584" errors="0">
  <testcase name="verify" time="527.584" classname="com.adv.qa.selenium.tests.currency.A032A_PathKeyNewParentTest"/>
</testsuite> <!-- com.adv.qa.selenium.tests.currency.A032A_PathKeyNewParentTest -->
