<?xml version="1.0" encoding="UTF-8"?>
<!-- Generated by org.testng.reporters.JUnitReportReporter -->
<testsuite name="com.adv.qa.selenium.tests.currency.phase3.A112_User_Company_SecurityTest" tests="1" time="111.706" ignored="0" failures="0" timestamp="17 May 2017 05:56:19 GMT" skipped="0" hostname="ChetnaM-PC" errors="0">
  <testcase name="verify" time="111.706" classname="com.adv.qa.selenium.tests.currency.phase3.A112_User_Company_SecurityTest"/>
</testsuite> <!-- com.adv.qa.selenium.tests.currency.phase3.A112_User_Company_SecurityTest -->
