<?xml version="1.0" encoding="UTF-8"?>
<!-- Generated by org.testng.reporters.JUnitReportReporter -->
<testsuite hostname="Draxayani-PC" name="com.adv.qa.selenium.tests.currency.C042_CareNote_Test" tests="1" failures="0" timestamp="30 May 2016 05:28:14 GMT" time="6.846" errors="0">
  <testcase name="verify" time="6.846" classname="com.adv.qa.selenium.tests.currency.C042_CareNote_Test"/>
</testsuite> <!-- com.adv.qa.selenium.tests.currency.C042_CareNote_Test -->
