<?xml version="1.0" encoding="UTF-8"?>
<!-- Generated by org.testng.reporters.JUnitReportReporter -->
<testsuite name="com.adv.qa.selenium.tests.currency.phase2.A061_Purchasing_Management_LocationsTest" tests="1" time="425.854" ignored="0" failures="0" timestamp="25 May 2017 05:30:30 GMT" skipped="0" hostname="ChetnaM-PC" errors="0">
  <testcase name="verify" time="425.854" classname="com.adv.qa.selenium.tests.currency.phase2.A061_Purchasing_Management_LocationsTest"/>
</testsuite> <!-- com.adv.qa.selenium.tests.currency.phase2.A061_Purchasing_Management_LocationsTest -->
