<?xml version="1.0" encoding="UTF-8"?>
<!-- Generated by org.testng.reporters.JUnitReportReporter -->
<testsuite name="com.adv.qa.selenium.tests.currency.A027_Default_StructureTest" tests="1" time="362.462" ignored="0" failures="0" timestamp="23 May 2017 15:57:22 GMT" skipped="0" hostname="ChetnaM-PC" errors="0">
  <testcase name="verify" time="362.462" classname="com.adv.qa.selenium.tests.currency.A027_Default_StructureTest"/>
</testsuite> <!-- com.adv.qa.selenium.tests.currency.A027_Default_StructureTest -->
