<?xml version="1.0" encoding="UTF-8"?>
<!-- Generated by org.testng.reporters.JUnitReportReporter -->
<testsuite name="com.adv.qa.selenium.tests.currency.A018D_Ledger_Control_Nominals" tests="1" time="284.279" ignored="0" failures="0" timestamp="21 Apr 2017 09:32:47 GMT" skipped="0" hostname="ChetnaM-PC" errors="0">
  <testcase name="verify" time="284.279" classname="com.adv.qa.selenium.tests.currency.A018D_Ledger_Control_Nominals"/>
</testsuite> <!-- com.adv.qa.selenium.tests.currency.A018D_Ledger_Control_Nominals -->
