<?xml version="1.0" encoding="UTF-8"?>
<!-- Generated by org.testng.reporters.JUnitReportReporter -->
<testsuite name="com.adv.qa.selenium.tests.currency.A021_Batch_TypesTest" tests="1" time="181.373" ignored="0" failures="0" timestamp="21 Apr 2017 09:07:41 GMT" skipped="0" hostname="ChetnaM-PC" errors="0">
  <testcase name="verify" time="181.373" classname="com.adv.qa.selenium.tests.currency.A021_Batch_TypesTest"/>
</testsuite> <!-- com.adv.qa.selenium.tests.currency.A021_Batch_TypesTest -->
