<?xml version="1.0" encoding="UTF-8"?>
<!-- Generated by org.testng.reporters.JUnitReportReporter -->
<testsuite name="com.adv.qa.selenium.tests.currency.A014_Account_Code_DefinitionTest1" tests="1" time="163.288" ignored="0" failures="0" timestamp="02 Feb 2017 10:11:40 GMT" skipped="0" hostname="ChetnaM-PC" errors="0">
  <testcase name="verify" time="163.288" classname="com.adv.qa.selenium.tests.currency.A014_Account_Code_DefinitionTest1"/>
</testsuite> <!-- com.adv.qa.selenium.tests.currency.A014_Account_Code_DefinitionTest1 -->
