<?xml version="1.0" encoding="UTF-8"?>
<!-- Generated by org.testng.reporters.JUnitReportReporter -->
<testsuite name="com.adv.qa.selenium.tests.currency.phase3.A107_Stores_HierarchyTest" tests="1" time="228.748" ignored="0" failures="0" timestamp="26 May 2017 10:25:08 GMT" skipped="0" hostname="ChetnaM-PC" errors="0">
  <testcase name="verify" time="228.748" classname="com.adv.qa.selenium.tests.currency.phase3.A107_Stores_HierarchyTest"/>
</testsuite> <!-- com.adv.qa.selenium.tests.currency.phase3.A107_Stores_HierarchyTest -->
