<?xml version="1.0" encoding="UTF-8"?>
<!-- Generated by org.testng.reporters.JUnitReportReporter -->
<testsuite name="com.adv.qa.selenium.tests.currency.phase2.A090_PM_Company_Controls_For_AuthorisationTest" tests="1" time="380.041" ignored="0" failures="0" timestamp="03 May 2017 10:18:24 GMT" skipped="0" hostname="ChetnaM-PC" errors="0">
  <testcase name="verify" time="380.041" classname="com.adv.qa.selenium.tests.currency.phase2.A090_PM_Company_Controls_For_AuthorisationTest"/>
</testsuite> <!-- com.adv.qa.selenium.tests.currency.phase2.A090_PM_Company_Controls_For_AuthorisationTest -->
