<?xml version="1.0" encoding="UTF-8"?>
<!-- Generated by org.testng.reporters.JUnitReportReporter -->
<testsuite name="com.adv.qa.selenium.tests.currency.phase3.A115_User_Roles_Set_upTest_New" tests="1" time="215.911" ignored="0" failures="0" timestamp="18 May 2017 07:01:54 GMT" skipped="0" hostname="ChetnaM-PC" errors="0">
  <testcase name="verify" time="215.911" classname="com.adv.qa.selenium.tests.currency.phase3.A115_User_Roles_Set_upTest_New"/>
</testsuite> <!-- com.adv.qa.selenium.tests.currency.phase3.A115_User_Roles_Set_upTest_New -->
