<?xml version="1.0" encoding="UTF-8"?>
<!-- Generated by org.testng.reporters.JUnitReportReporter -->
<testsuite skipped="0" hostname="ChetnaM-PC" name="com.adv.qa.selenium.tests.currency.A015_BalanceSheetTest" tests="1" failures="0" timestamp="27 Jun 2017 10:12:18 GMT" time="108.902" errors="0">
  <testcase name="verify" time="108.902" classname="com.adv.qa.selenium.tests.currency.A015_BalanceSheetTest"/>
</testsuite> <!-- com.adv.qa.selenium.tests.currency.A015_BalanceSheetTest -->
