<?xml version="1.0" encoding="UTF-8"?>
<!-- Generated by org.testng.reporters.JUnitReportReporter -->
<testsuite skipped="0" hostname="ChetnaM-PC" name="com.adv.qa.selenium.tests.currency.A020_Ledger_Control_AccountsTest" tests="1" failures="0" timestamp="27 Jun 2017 13:12:16 GMT" time="130.020" errors="0">
  <testcase name="verify" time="130.020" classname="com.adv.qa.selenium.tests.currency.A020_Ledger_Control_AccountsTest"/>
</testsuite> <!-- com.adv.qa.selenium.tests.currency.A020_Ledger_Control_AccountsTest -->
