<?xml version="1.0" encoding="UTF-8"?>
<!-- Generated by org.testng.reporters.JUnitReportReporter -->
<testsuite hostname="Draxayani-PC" name="com.adv.qa.selenium.tests.currency.phase3.TestScrnShot" tests="1" failures="0" timestamp="25 Apr 2016 10:52:33 GMT" time="12.983" errors="0">
  <testcase name="runPgm" time="12.983" classname="com.adv.qa.selenium.tests.currency.phase3.TestScrnShot"/>
</testsuite> <!-- com.adv.qa.selenium.tests.currency.phase3.TestScrnShot -->
