<?xml version="1.0" encoding="UTF-8"?>
<!-- Generated by org.testng.reporters.JUnitReportReporter -->
<testsuite name="com.adv.qa.selenium.tests.currency.phase3.A097_Stock_TypesTest" tests="1" time="88.961" ignored="0" failures="0" timestamp="09 May 2017 05:31:55 GMT" skipped="0" hostname="ChetnaM-PC" errors="0">
  <testcase name="verify" time="88.961" classname="com.adv.qa.selenium.tests.currency.phase3.A097_Stock_TypesTest"/>
</testsuite> <!-- com.adv.qa.selenium.tests.currency.phase3.A097_Stock_TypesTest -->
