<?xml version="1.0" encoding="UTF-8"?>
<!-- Generated by org.testng.reporters.JUnitReportReporter -->
<testsuite name="com.adv.qa.selenium.tests.currency.phase2.A067_Purchasing_Management_Company_ControlsTest" tests="1" time="319.137" ignored="0" failures="0" timestamp="24 May 2017 15:57:59 GMT" skipped="0" hostname="ChetnaM-PC" errors="0">
  <testcase name="verify" time="319.137" classname="com.adv.qa.selenium.tests.currency.phase2.A067_Purchasing_Management_Company_ControlsTest"/>
</testsuite> <!-- com.adv.qa.selenium.tests.currency.phase2.A067_Purchasing_Management_Company_ControlsTest -->
