<?xml version="1.0" encoding="UTF-8"?>
<!-- Generated by org.testng.reporters.JUnitReportReporter -->
<testsuite skipped="0" hostname="ChetnaM-PC" name="com.adv.qa.selenium.tests.currency.A006_Company_DefinitionTest" tests="1" failures="0" timestamp="22 Jun 2017 15:32:36 GMT" time="151.996" errors="0">
  <testcase name="verify" time="151.996" classname="com.adv.qa.selenium.tests.currency.A006_Company_DefinitionTest"/>
</testsuite> <!-- com.adv.qa.selenium.tests.currency.A006_Company_DefinitionTest -->
