<?xml version="1.0" encoding="UTF-8"?>
<!-- Generated by org.testng.reporters.JUnitReportReporter -->
<testsuite name="com.adv.qa.selenium.tests.currency.phase3.A116_Simplified_Security_ElementsTest" tests="1" time="95.593" ignored="0" failures="0" timestamp="25 May 2017 13:01:20 GMT" skipped="0" hostname="ChetnaM-PC" errors="0">
  <testcase name="verify" time="95.593" classname="com.adv.qa.selenium.tests.currency.phase3.A116_Simplified_Security_ElementsTest"/>
</testsuite> <!-- com.adv.qa.selenium.tests.currency.phase3.A116_Simplified_Security_ElementsTest -->
