<?xml version="1.0" encoding="UTF-8"?>
<!-- Generated by org.testng.reporters.JUnitReportReporter -->
<testsuite skipped="0" hostname="ChetnaM-PC" name="com.adv.qa.selenium.tests.currency.A018_Ledger_Control_Nominals" tests="1" failures="0" timestamp="27 Jun 2017 11:58:02 GMT" time="550.603" errors="0">
  <testcase name="verify" time="550.603" classname="com.adv.qa.selenium.tests.currency.A018_Ledger_Control_Nominals"/>
</testsuite> <!-- com.adv.qa.selenium.tests.currency.A018_Ledger_Control_Nominals -->
