<?xml version="1.0" encoding="UTF-8"?>
<!-- Generated by org.testng.reporters.JUnitReportReporter -->
<testsuite name="com.adv.qa.selenium.tests.currency.phase2.A063_Standard_TextTest" tests="1" time="355.268" ignored="0" failures="0" timestamp="24 May 2017 15:57:59 GMT" skipped="0" hostname="ChetnaM-PC" errors="0">
  <testcase name="verify" time="355.268" classname="com.adv.qa.selenium.tests.currency.phase2.A063_Standard_TextTest"/>
</testsuite> <!-- com.adv.qa.selenium.tests.currency.phase2.A063_Standard_TextTest -->
