<?xml version="1.0" encoding="UTF-8"?>
<!-- Generated by org.testng.reporters.JUnitReportReporter -->
<testsuite name="com.adv.qa.selenium.tests.currency.A014_Account_Code_DefinitionTest" tests="1" time="420.682" ignored="0" failures="0" timestamp="23 May 2017 11:11:30 GMT" skipped="0" hostname="ChetnaM-PC" errors="0">
  <testcase name="verify" time="420.682" classname="com.adv.qa.selenium.tests.currency.A014_Account_Code_DefinitionTest"/>
</testsuite> <!-- com.adv.qa.selenium.tests.currency.A014_Account_Code_DefinitionTest -->
