<?xml version="1.0" encoding="UTF-8"?>
<!-- Generated by org.testng.reporters.JUnitReportReporter -->
<testsuite hostname="Draxayani-PC" name="com.adv.qa.selenium.tests.currency.phase3.AD03001_Store_TransferTest" tests="1" failures="0" timestamp="4 Nov 2014 10:18:31 GMT" time="407.829" errors="0">
  <testcase name="verify" time="407.829" classname="com.adv.qa.selenium.tests.currency.phase3.AD03001_Store_TransferTest"/>
</testsuite> <!-- com.adv.qa.selenium.tests.currency.phase3.AD03001_Store_TransferTest -->
