<?xml version="1.0" encoding="UTF-8"?>
<!-- Generated by org.testng.reporters.JUnitReportReporter -->
<testsuite name="com.adv.qa.selenium.tests.currency.phase3.A098_Item_CreationTest2" tests="1" time="220.746" ignored="0" failures="0" timestamp="09 May 2017 12:39:05 GMT" skipped="0" hostname="ChetnaM-PC" errors="0">
  <testcase name="verify" time="220.746" classname="com.adv.qa.selenium.tests.currency.phase3.A098_Item_CreationTest2"/>
</testsuite> <!-- com.adv.qa.selenium.tests.currency.phase3.A098_Item_CreationTest2 -->
