<?xml version="1.0" encoding="UTF-8"?>
<!-- Generated by org.testng.reporters.JUnitReportReporter -->
<testsuite name="com.adv.qa.selenium.tests.currency.A041_Group_Category_And_Structure_PostingsSQLTest" tests="1" time="172.227" ignored="0" failures="0" timestamp="21 Apr 2017 14:08:40 GMT" skipped="0" hostname="ChetnaM-PC" errors="0">
  <testcase name="verify" time="172.227" classname="com.adv.qa.selenium.tests.currency.A041_Group_Category_And_Structure_PostingsSQLTest"/>
</testsuite> <!-- com.adv.qa.selenium.tests.currency.A041_Group_Category_And_Structure_PostingsSQLTest -->
