<?xml version="1.0" encoding="UTF-8"?>
<!-- Generated by org.testng.reporters.JUnitReportReporter -->
<testsuite name="com.adv.qa.selenium.tests.currency.A023_Company_ControlsTest" tests="1" time="199.996" ignored="0" failures="0" timestamp="21 Apr 2017 09:32:47 GMT" skipped="0" hostname="ChetnaM-PC" errors="0">
  <testcase name="verify" time="199.996" classname="com.adv.qa.selenium.tests.currency.A023_Company_ControlsTest"/>
</testsuite> <!-- com.adv.qa.selenium.tests.currency.A023_Company_ControlsTest -->
