<?xml version="1.0" encoding="UTF-8"?>
<!-- Generated by org.testng.reporters.JUnitReportReporter -->
<testsuite name="com.adv.qa.selenium.tests.currency.phase3.AD02001_Normal_Material_IssueTest" tests="1" time="130.340" ignored="0" failures="0" timestamp="05 Jun 2017 10:53:47 GMT" skipped="0" hostname="ChetnaM-PC" errors="0">
  <testcase name="verify" time="130.340" classname="com.adv.qa.selenium.tests.currency.phase3.AD02001_Normal_Material_IssueTest"/>
</testsuite> <!-- com.adv.qa.selenium.tests.currency.phase3.AD02001_Normal_Material_IssueTest -->
