<?xml version="1.0" encoding="UTF-8"?>
<!-- Generated by org.testng.reporters.JUnitReportReporter -->
<testsuite name="com.adv.qa.selenium.tests.currency.phase3.A094_Business_Event_Manager_ObjectsTest" tests="1" time="162.163" ignored="0" failures="0" timestamp="08 May 2017 10:20:17 GMT" skipped="0" hostname="ChetnaM-PC" errors="0">
  <testcase name="verify" time="162.163" classname="com.adv.qa.selenium.tests.currency.phase3.A094_Business_Event_Manager_ObjectsTest"/>
</testsuite> <!-- com.adv.qa.selenium.tests.currency.phase3.A094_Business_Event_Manager_ObjectsTest -->
