<?xml version="1.0" encoding="UTF-8"?>
<!-- Generated by org.testng.reporters.JUnitReportReporter -->
<testsuite hostname="Draxayani-PC" name="com.adv.qa.selenium.tests.currency.StartDispatcher" tests="1" failures="0" timestamp="6 Nov 2014 09:49:19 GMT" time="185.726" errors="0">
  <testcase name="verify" time="185.726" classname="com.adv.qa.selenium.tests.currency.StartDispatcher"/>
</testsuite> <!-- com.adv.qa.selenium.tests.currency.StartDispatcher -->
