<?xml version="1.0" encoding="UTF-8"?>
<!-- Generated by org.testng.reporters.JUnitReportReporter -->
<testsuite name="com.adv.qa.selenium.tests.currency.phase3.A111_Security_GroupsTest" tests="1" time="1479.158" ignored="0" failures="0" timestamp="25 May 2017 12:25:14 GMT" skipped="0" hostname="ChetnaM-PC" errors="0">
  <testcase name="verify" time="1479.158" classname="com.adv.qa.selenium.tests.currency.phase3.A111_Security_GroupsTest"/>
</testsuite> <!-- com.adv.qa.selenium.tests.currency.phase3.A111_Security_GroupsTest -->
