<?xml version="1.0" encoding="UTF-8"?>
<!-- Generated by org.testng.reporters.JUnitReportReporter -->
<testsuite name="com.adv.qa.selenium.tests.currency.phase2.A091_SuppliersTest" tests="1" time="3450.420" ignored="0" failures="0" timestamp="26 May 2017 07:01:18 GMT" skipped="0" hostname="ChetnaM-PC" errors="0">
  <testcase name="verify" time="3450.420" classname="com.adv.qa.selenium.tests.currency.phase2.A091_SuppliersTest"/>
</testsuite> <!-- com.adv.qa.selenium.tests.currency.phase2.A091_SuppliersTest -->
