<?xml version="1.0" encoding="UTF-8"?>
<!-- Generated by org.testng.reporters.JUnitReportReporter -->
<testsuite name="com.adv.qa.selenium.tests.currency.A010_Environment_Groups_Test" tests="1" time="314.223" ignored="0" failures="0" timestamp="23 May 2017 08:06:51 GMT" skipped="0" hostname="ChetnaM-PC" errors="0">
  <testcase name="verify" time="314.223" classname="com.adv.qa.selenium.tests.currency.A010_Environment_Groups_Test"/>
</testsuite> <!-- com.adv.qa.selenium.tests.currency.A010_Environment_Groups_Test -->
