<?xml version="1.0" encoding="UTF-8"?>
<!-- Generated by org.testng.reporters.JUnitReportReporter -->
<testsuite name="com.adv.qa.selenium.tests.currency.phase3.A098A_Item_CreationTest" tests="1" time="114.516" ignored="0" failures="0" timestamp="10 May 2017 06:35:54 GMT" skipped="0" hostname="ChetnaM-PC" errors="0">
  <testcase name="verify" time="114.516" classname="com.adv.qa.selenium.tests.currency.phase3.A098A_Item_CreationTest"/>
</testsuite> <!-- com.adv.qa.selenium.tests.currency.phase3.A098A_Item_CreationTest -->
