<?xml version="1.0" encoding="UTF-8"?>
<!-- Generated by org.testng.reporters.JUnitReportReporter -->
<testsuite skipped="0" hostname="ChetnaM-PC" name="com.adv.qa.selenium.tests.currency.A033_Analysis_CodeTest" tests="1" failures="0" timestamp="27 Jun 2017 14:56:11 GMT" time="284.088" errors="0">
  <testcase name="verify" time="284.088" classname="com.adv.qa.selenium.tests.currency.A033_Analysis_CodeTest"/>
</testsuite> <!-- com.adv.qa.selenium.tests.currency.A033_Analysis_CodeTest -->
