<?xml version="1.0" encoding="UTF-8"?>
<!-- Generated by org.testng.reporters.JUnitReportReporter -->
<testsuite name="com.adv.qa.selenium.tests.currency.A015_BalanceSheetTest" tests="1" time="191.161" ignored="0" failures="0" timestamp="23 May 2017 11:11:30 GMT" skipped="0" hostname="ChetnaM-PC" errors="0">
  <testcase name="verify" time="191.161" classname="com.adv.qa.selenium.tests.currency.A015_BalanceSheetTest"/>
</testsuite> <!-- com.adv.qa.selenium.tests.currency.A015_BalanceSheetTest -->
