<?xml version="1.0" encoding="UTF-8"?>
<!-- Generated by org.testng.reporters.JUnitReportReporter -->
<testsuite hostname="Draxayani-PC" name="com.adv.qa.selenium.tests.currency.phase3.AD11014_Recurring_Payments_For_InvoicesTest" tests="1" failures="0" timestamp="7 Nov 2014 06:37:28 GMT" time="315.350" errors="0">
  <testcase name="verify" time="315.350" classname="com.adv.qa.selenium.tests.currency.phase3.AD11014_Recurring_Payments_For_InvoicesTest"/>
</testsuite> <!-- com.adv.qa.selenium.tests.currency.phase3.AD11014_Recurring_Payments_For_InvoicesTest -->
