<?xml version="1.0" encoding="UTF-8"?>
<!-- Generated by org.testng.reporters.JUnitReportReporter -->
<testsuite skipped="0" hostname="ChetnaM-PC" name="com.adv.qa.selenium.tests.currency.A016_Normal_Balance_Sheet_GroupsTest" tests="1" failures="0" timestamp="27 Jun 2017 10:12:18 GMT" time="187.546" errors="0">
  <testcase name="verify" time="187.546" classname="com.adv.qa.selenium.tests.currency.A016_Normal_Balance_Sheet_GroupsTest"/>
</testsuite> <!-- com.adv.qa.selenium.tests.currency.A016_Normal_Balance_Sheet_GroupsTest -->
