<?xml version="1.0" encoding="UTF-8"?>
<!-- Generated by org.testng.reporters.JUnitReportReporter -->
<testsuite name="com.adv.qa.selenium.tests.currency.phase3.A114_Security_Group_Access_CodesTest" tests="1" time="206.393" ignored="0" failures="0" timestamp="17 May 2017 11:49:53 GMT" skipped="0" hostname="ChetnaM-PC" errors="0">
  <testcase name="verify" time="206.393" classname="com.adv.qa.selenium.tests.currency.phase3.A114_Security_Group_Access_CodesTest"/>
</testsuite> <!-- com.adv.qa.selenium.tests.currency.phase3.A114_Security_Group_Access_CodesTest -->
