<?xml version="1.0" encoding="UTF-8"?>
<!-- Generated by org.testng.reporters.JUnitReportReporter -->
<testsuite skipped="0" hostname="ChetnaM-PC" name="com.adv.qa.selenium.tests.currency.A024B_Batch_TypesTest" tests="1" failures="0" timestamp="27 Jun 2017 13:58:15 GMT" time="372.053" errors="0">
  <testcase name="verify" time="372.053" classname="com.adv.qa.selenium.tests.currency.A024B_Batch_TypesTest"/>
</testsuite> <!-- com.adv.qa.selenium.tests.currency.A024B_Batch_TypesTest -->
