<?xml version="1.0" encoding="UTF-8"?>
<!-- Generated by org.testng.reporters.JUnitReportReporter -->
<testsuite hostname="Draxayani-PC" name="com.adv.qa.selenium.tests.currency.AccountDetailEnquiryTest" tests="1" failures="0" timestamp="14 Apr 2014 11:12:04 GMT" time="37.800" errors="0">
  <testcase name="verify" time="37.800" classname="com.adv.qa.selenium.tests.currency.AccountDetailEnquiryTest"/>
</testsuite> <!-- com.adv.qa.selenium.tests.currency.AccountDetailEnquiryTest -->
