<?xml version="1.0" encoding="UTF-8"?>
<!-- Generated by org.testng.reporters.JUnitReportReporter -->
<testsuite name="com.adv.qa.selenium.tests.currency.A031_Company_ControlsTest" tests="1" time="270.548" ignored="0" failures="0" timestamp="23 May 2017 15:57:22 GMT" skipped="0" hostname="ChetnaM-PC" errors="0">
  <testcase name="verify" time="270.548" classname="com.adv.qa.selenium.tests.currency.A031_Company_ControlsTest"/>
</testsuite> <!-- com.adv.qa.selenium.tests.currency.A031_Company_ControlsTest -->
