<?xml version="1.0" encoding="UTF-8"?>
<!-- Generated by org.testng.reporters.JUnitReportReporter -->
<testsuite name="com.adv.qa.selenium.tests.currency.A013_Fiscal_CalendarTest" tests="1" time="1183.365" ignored="0" failures="0" timestamp="23 May 2017 11:11:30 GMT" skipped="0" hostname="ChetnaM-PC" errors="0">
  <testcase name="verify" time="1183.365" classname="com.adv.qa.selenium.tests.currency.A013_Fiscal_CalendarTest"/>
</testsuite> <!-- com.adv.qa.selenium.tests.currency.A013_Fiscal_CalendarTest -->
