<?xml version="1.0" encoding="UTF-8"?>
<!-- Generated by org.testng.reporters.JUnitReportReporter -->
<testsuite name="com.adv.qa.selenium.tests.currency.phase3.A108_Item_Store_Controls_Manual_Store_HierarchyTest" tests="1" time="520.577" ignored="0" failures="0" timestamp="26 May 2017 10:25:08 GMT" skipped="0" hostname="ChetnaM-PC" errors="0">
  <testcase name="verify" time="520.577" classname="com.adv.qa.selenium.tests.currency.phase3.A108_Item_Store_Controls_Manual_Store_HierarchyTest"/>
</testsuite> <!-- com.adv.qa.selenium.tests.currency.phase3.A108_Item_Store_Controls_Manual_Store_HierarchyTest -->
