<?xml version="1.0" encoding="UTF-8"?>
<!-- Generated by org.testng.reporters.JUnitReportReporter -->
<testsuite name="com.adv.qa.selenium.tests.currency.A018F_Ledger_Control_Nominals" tests="1" time="352.346" ignored="0" failures="0" timestamp="23 May 2017 13:43:37 GMT" skipped="0" hostname="ChetnaM-PC" errors="0">
  <testcase name="verify" time="352.346" classname="com.adv.qa.selenium.tests.currency.A018F_Ledger_Control_Nominals"/>
</testsuite> <!-- com.adv.qa.selenium.tests.currency.A018F_Ledger_Control_Nominals -->
