<?xml version="1.0" encoding="UTF-8"?>
<!-- Generated by org.testng.reporters.JUnitReportReporter -->
<testsuite name="com.adv.qa.selenium.tests.currency.phase2.A075B_Circulation_CodeTest" tests="1" time="339.635" ignored="0" failures="0" timestamp="26 May 2017 09:31:57 GMT" skipped="0" hostname="ChetnaM-PC" errors="0">
  <testcase name="verify" time="339.635" classname="com.adv.qa.selenium.tests.currency.phase2.A075B_Circulation_CodeTest"/>
</testsuite> <!-- com.adv.qa.selenium.tests.currency.phase2.A075B_Circulation_CodeTest -->
