<?xml version="1.0" encoding="UTF-8"?>
<!-- Generated by org.testng.reporters.JUnitReportReporter -->
<testsuite name="com.adv.qa.selenium.tests.currency.phase3.AD01004_Stock_Take_On_Using_Positive_AdjustmentTest" tests="1" time="657.773" ignored="0" failures="0" timestamp="01 Jun 2017 10:40:57 GMT" skipped="0" hostname="ChetnaM-PC" errors="0">
  <testcase name="verify" time="657.773" classname="com.adv.qa.selenium.tests.currency.phase3.AD01004_Stock_Take_On_Using_Positive_AdjustmentTest"/>
</testsuite> <!-- com.adv.qa.selenium.tests.currency.phase3.AD01004_Stock_Take_On_Using_Positive_AdjustmentTest -->
