<?xml version="1.0" encoding="UTF-8"?>
<!-- Generated by org.testng.reporters.JUnitReportReporter -->
<testsuite name="com.adv.qa.selenium.tests.currency.phase3.A117_Simplified_SecurityTest" tests="1" time="109.222" ignored="0" failures="0" timestamp="25 May 2017 13:04:35 GMT" skipped="0" hostname="ChetnaM-PC" errors="0">
  <testcase name="verify" time="109.222" classname="com.adv.qa.selenium.tests.currency.phase3.A117_Simplified_SecurityTest"/>
</testsuite> <!-- com.adv.qa.selenium.tests.currency.phase3.A117_Simplified_SecurityTest -->
