<?xml version="1.0" encoding="UTF-8"?>
<!-- Generated by org.testng.reporters.JUnitReportReporter -->
<testsuite skipped="0" hostname="ChetnaM-PC" name="com.adv.qa.selenium.tests.currency.A031_Company_ControlsTest" tests="1" failures="0" timestamp="27 Jun 2017 14:56:11 GMT" time="151.540" errors="0">
  <testcase name="verify" time="151.540" classname="com.adv.qa.selenium.tests.currency.A031_Company_ControlsTest"/>
</testsuite> <!-- com.adv.qa.selenium.tests.currency.A031_Company_ControlsTest -->
