<?xml version="1.0" encoding="UTF-8"?>
<!-- Generated by org.testng.reporters.JUnitReportReporter -->
<testsuite hostname="Draxayani-PC" name="com.adv.qa.selenium.tests.currency.phase3.AD10019_Accounts_Payable_And_General_Ledger_AuditTest" tests="1" failures="0" timestamp="6 Nov 2014 10:09:55 GMT" time="427.900" errors="0">
  <testcase name="verify" time="427.900" classname="com.adv.qa.selenium.tests.currency.phase3.AD10019_Accounts_Payable_And_General_Ledger_AuditTest"/>
</testsuite> <!-- com.adv.qa.selenium.tests.currency.phase3.AD10019_Accounts_Payable_And_General_Ledger_AuditTest -->
