<?xml version="1.0" encoding="UTF-8"?>
<!-- Generated by org.testng.reporters.JUnitReportReporter -->
<testsuite skipped="0" hostname="ChetnaM-PC" name="com.adv.qa.selenium.tests.currency.A005_Currency_Exchange_RatesTest" tests="1" failures="0" timestamp="22 Jun 2017 15:32:36 GMT" time="419.571" errors="0">
  <testcase name="verify" time="419.571" classname="com.adv.qa.selenium.tests.currency.A005_Currency_Exchange_RatesTest"/>
</testsuite> <!-- com.adv.qa.selenium.tests.currency.A005_Currency_Exchange_RatesTest -->
