<?xml version="1.0" encoding="UTF-8"?>
<!-- Generated by org.testng.reporters.JUnitReportReporter -->
<testsuite name="com.adv.qa.selenium.tests.currency.A002_Currency_DescriptionTest" tests="1" time="538.234" ignored="0" failures="0" timestamp="23 May 2017 07:01:03 GMT" skipped="0" hostname="ChetnaM-PC" errors="0">
  <testcase name="verify" time="538.234" classname="com.adv.qa.selenium.tests.currency.A002_Currency_DescriptionTest"/>
</testsuite> <!-- com.adv.qa.selenium.tests.currency.A002_Currency_DescriptionTest -->
