<?xml version="1.0" encoding="UTF-8"?>
<!-- Generated by org.testng.reporters.JUnitReportReporter -->
<testsuite name="com.adv.qa.selenium.tests.currency.phase3.A099_Items_Supplier_RelationshipTest" tests="1" time="373.982" ignored="0" failures="0" timestamp="26 May 2017 07:47:53 GMT" skipped="0" hostname="ChetnaM-PC" errors="0">
  <testcase name="verify" time="373.982" classname="com.adv.qa.selenium.tests.currency.phase3.A099_Items_Supplier_RelationshipTest"/>
</testsuite> <!-- com.adv.qa.selenium.tests.currency.phase3.A099_Items_Supplier_RelationshipTest -->
