<?xml version="1.0" encoding="UTF-8"?>
<!-- Generated by org.testng.reporters.JUnitReportReporter -->
<testsuite hostname="Draxayani-PC" name="com.adv.qa.selenium.tests.currency.phase3.AD11008_Transaction_Amendment_InvoiceTest" tests="1" failures="0" timestamp="6 Nov 2014 10:24:43 GMT" time="132.553" errors="0">
  <testcase name="verify" time="132.553" classname="com.adv.qa.selenium.tests.currency.phase3.AD11008_Transaction_Amendment_InvoiceTest"/>
</testsuite> <!-- com.adv.qa.selenium.tests.currency.phase3.AD11008_Transaction_Amendment_InvoiceTest -->
