<?xml version="1.0" encoding="UTF-8"?>
<!-- Generated by org.testng.reporters.JUnitReportReporter -->
<testsuite name="com.adv.qa.selenium.tests.currency.A001A_On_line_AuditingTest2" tests="1" time="243.751" ignored="0" failures="0" timestamp="21 Feb 2017 11:14:10 GMT" skipped="0" hostname="ChetnaM-PC" errors="0">
  <testcase name="verify" time="243.751" classname="com.adv.qa.selenium.tests.currency.A001A_On_line_AuditingTest2"/>
</testsuite> <!-- com.adv.qa.selenium.tests.currency.A001A_On_line_AuditingTest2 -->
