<?xml version="1.0" encoding="UTF-8"?>
<!-- Generated by org.testng.reporters.JUnitReportReporter -->
<testsuite hostname="Draxayani-PC" name="com.adv.qa.selenium.tests.currency.phase3.AD11010_Suspend_Release_InvoiceTest" tests="1" failures="0" timestamp="7 Nov 2014 05:15:10 GMT" time="1104.031" errors="0">
  <testcase name="verify" time="1104.031" classname="com.adv.qa.selenium.tests.currency.phase3.AD11010_Suspend_Release_InvoiceTest"/>
</testsuite> <!-- com.adv.qa.selenium.tests.currency.phase3.AD11010_Suspend_Release_InvoiceTest -->
