<?xml version="1.0" encoding="UTF-8"?>
<!-- Generated by org.testng.reporters.JUnitReportReporter -->
<testsuite skipped="0" hostname="ChetnaM-PC" name="com.adv.qa.selenium.tests.currency.A004A_Rate_Type_Currency_ExchangeTest" tests="1" failures="0" timestamp="22 Jun 2017 15:32:36 GMT" time="111.534" errors="0">
  <testcase name="verify" time="111.534" classname="com.adv.qa.selenium.tests.currency.A004A_Rate_Type_Currency_ExchangeTest"/>
</testsuite> <!-- com.adv.qa.selenium.tests.currency.A004A_Rate_Type_Currency_ExchangeTest -->
