<?xml version="1.0" encoding="UTF-8"?>
<!-- Generated by org.testng.reporters.JUnitReportReporter -->
<testsuite name="com.adv.qa.selenium.tests.currency.phase3.A101_Item_BuyersTest" tests="1" time="119.750" ignored="0" failures="0" timestamp="10 May 2017 12:29:10 GMT" skipped="0" hostname="ChetnaM-PC" errors="0">
  <testcase name="verify" time="119.750" classname="com.adv.qa.selenium.tests.currency.phase3.A101_Item_BuyersTest"/>
</testsuite> <!-- com.adv.qa.selenium.tests.currency.phase3.A101_Item_BuyersTest -->
