<?xml version="1.0" encoding="UTF-8"?>
<!-- Generated by org.testng.reporters.JUnitReportReporter -->
<testsuite name="com.adv.qa.selenium.tests.currency.phase2.A044_TAX_Rates_by_Tax_CodesTest" tests="1" time="654.135" ignored="0" failures="0" timestamp="24 Apr 2017 06:43:05 GMT" skipped="0" hostname="ChetnaM-PC" errors="0">
  <testcase name="verify" time="654.135" classname="com.adv.qa.selenium.tests.currency.phase2.A044_TAX_Rates_by_Tax_CodesTest"/>
</testsuite> <!-- com.adv.qa.selenium.tests.currency.phase2.A044_TAX_Rates_by_Tax_CodesTest -->
