<?xml version="1.0" encoding="UTF-8"?>
<!-- Generated by org.testng.reporters.JUnitReportReporter -->
<testsuite name="com.adv.qa.selenium.tests.currency.phase2.A054_Discount_TermsTest" tests="1" time="102.128" ignored="0" failures="0" timestamp="24 Apr 2017 06:43:05 GMT" skipped="0" hostname="ChetnaM-PC" errors="0">
  <testcase name="verify" time="102.128" classname="com.adv.qa.selenium.tests.currency.phase2.A054_Discount_TermsTest"/>
</testsuite> <!-- com.adv.qa.selenium.tests.currency.phase2.A054_Discount_TermsTest -->
