<?xml version="1.0" encoding="UTF-8"?>
<!-- Generated by org.testng.reporters.JUnitReportReporter -->
<testsuite hostname="Draxayani-PC" name="com.adv.qa.selenium.tests.currency.phase3.AD10004_Enter_Tax_Only_InvoiceTest" tests="1" failures="0" timestamp="5 Nov 2014 09:36:40 GMT" time="556.270" errors="0">
  <testcase name="verify" time="556.270" classname="com.adv.qa.selenium.tests.currency.phase3.AD10004_Enter_Tax_Only_InvoiceTest"/>
</testsuite> <!-- com.adv.qa.selenium.tests.currency.phase3.AD10004_Enter_Tax_Only_InvoiceTest -->
