<?xml version="1.0" encoding="UTF-8"?>
<!-- Generated by org.testng.reporters.JUnitReportReporter -->
<testsuite name="com.adv.qa.selenium.tests.currency.phase2.A056A_System_Assigned_Batch_Numbers_In_AP" tests="1" time="331.564" ignored="0" failures="0" timestamp="24 Apr 2017 06:43:05 GMT" skipped="0" hostname="ChetnaM-PC" errors="0">
  <testcase name="verify" time="331.564" classname="com.adv.qa.selenium.tests.currency.phase2.A056A_System_Assigned_Batch_Numbers_In_AP"/>
</testsuite> <!-- com.adv.qa.selenium.tests.currency.phase2.A056A_System_Assigned_Batch_Numbers_In_AP -->
