<?xml version="1.0" encoding="UTF-8"?>
<!-- Generated by org.testng.reporters.JUnitReportReporter -->
<testsuite name="com.adv.qa.selenium.tests.currency.A019_Ledger_Control_Management_CodeTest" tests="1" time="126.586" ignored="0" failures="0" timestamp="21 Apr 2017 09:07:41 GMT" skipped="0" hostname="ChetnaM-PC" errors="0">
  <testcase name="verify" time="126.586" classname="com.adv.qa.selenium.tests.currency.A019_Ledger_Control_Management_CodeTest"/>
</testsuite> <!-- com.adv.qa.selenium.tests.currency.A019_Ledger_Control_Management_CodeTest -->
