<?xml version="1.0" encoding="UTF-8"?>
<!-- Generated by org.testng.reporters.JUnitReportReporter -->
<testsuite name="com.adv.qa.selenium.tests.currency.A018G_Ledger_Control_Nominals" tests="1" time="454.197" ignored="0" failures="0" timestamp="21 Apr 2017 09:07:41 GMT" skipped="0" hostname="ChetnaM-PC" errors="0">
  <testcase name="verify" time="454.197" classname="com.adv.qa.selenium.tests.currency.A018G_Ledger_Control_Nominals"/>
</testsuite> <!-- com.adv.qa.selenium.tests.currency.A018G_Ledger_Control_Nominals -->
