<?xml version="1.0" encoding="UTF-8"?>
<!-- Generated by org.testng.reporters.JUnitReportReporter -->
<testsuite hostname="Draxayani-PC" name="com.adv.qa.selenium.tests.currency.phase3.AD10016_Create_Schedule_For_Payment_ProcessingTest" tests="1" failures="0" timestamp="6 Nov 2014 09:14:49 GMT" time="405.475" errors="0">
  <testcase name="verify" time="405.475" classname="com.adv.qa.selenium.tests.currency.phase3.AD10016_Create_Schedule_For_Payment_ProcessingTest"/>
</testsuite> <!-- com.adv.qa.selenium.tests.currency.phase3.AD10016_Create_Schedule_For_Payment_ProcessingTest -->
