<?xml version="1.0" encoding="UTF-8"?>
<!-- Generated by org.testng.reporters.JUnitReportReporter -->
<testsuite skipped="0" hostname="ChetnaM-PC" name="com.adv.qa.selenium.tests.currency.A039_EnquiryTest" tests="1" failures="0" timestamp="05 Jul 2017 17:38:10 GMT" time="544.301" errors="0">
  <testcase name="verify" time="544.301" classname="com.adv.qa.selenium.tests.currency.A039_EnquiryTest"/>
</testsuite> <!-- com.adv.qa.selenium.tests.currency.A039_EnquiryTest -->
