<?xml version="1.0" encoding="UTF-8"?>
<!-- Generated by org.testng.reporters.JUnitReportReporter -->
<testsuite hostname="Draxayani-PC" name="com.adv.qa.selenium.tests.currency.phase3.AD09005_Classification_Parentage_For_Item_HierarchyTest" tests="1" failures="0" timestamp="4 Nov 2014 11:13:18 GMT" time="363.228" errors="0">
  <testcase name="verify" time="363.228" classname="com.adv.qa.selenium.tests.currency.phase3.AD09005_Classification_Parentage_For_Item_HierarchyTest"/>
</testsuite> <!-- com.adv.qa.selenium.tests.currency.phase3.AD09005_Classification_Parentage_For_Item_HierarchyTest -->
