<?xml version="1.0" encoding="UTF-8"?>
<!-- Generated by org.testng.reporters.JUnitReportReporter -->
<testsuite name="com.adv.qa.selenium.tests.currency.phase2.A076_Document_CodesTest" tests="1" time="721.918" ignored="0" failures="0" timestamp="24 May 2017 15:57:59 GMT" skipped="0" hostname="ChetnaM-PC" errors="0">
  <testcase name="verify" time="721.918" classname="com.adv.qa.selenium.tests.currency.phase2.A076_Document_CodesTest"/>
</testsuite> <!-- com.adv.qa.selenium.tests.currency.phase2.A076_Document_CodesTest -->
