<?xml version="1.0" encoding="UTF-8"?>
<!-- Generated by org.testng.reporters.JUnitReportReporter -->
<testsuite hostname="Draxayani-PC" name="com.adv.qa.selenium.tests.currency.phase3.AD02010_Invoice_Creation_For_OrderTest" tests="1" failures="0" timestamp="4 Nov 2014 05:57:40 GMT" time="212.600" errors="0">
  <testcase name="verify" time="212.600" classname="com.adv.qa.selenium.tests.currency.phase3.AD02010_Invoice_Creation_For_OrderTest"/>
</testsuite> <!-- com.adv.qa.selenium.tests.currency.phase3.AD02010_Invoice_Creation_For_OrderTest -->
