<?xml version="1.0" encoding="UTF-8"?>
<!-- Generated by org.testng.reporters.JUnitReportReporter -->
<testsuite skipped="0" hostname="ChetnaM-PC" name="com.adv.qa.selenium.tests.currency.A019_Ledger_Control_Management_CodeTest" tests="1" failures="0" timestamp="27 Jun 2017 13:12:16 GMT" time="127.169" errors="0">
  <testcase name="verify" time="127.169" classname="com.adv.qa.selenium.tests.currency.A019_Ledger_Control_Management_CodeTest"/>
</testsuite> <!-- com.adv.qa.selenium.tests.currency.A019_Ledger_Control_Management_CodeTest -->
