<?xml version="1.0" encoding="UTF-8"?>
<!-- Generated by org.testng.reporters.JUnitReportReporter -->
<testsuite skipped="0" hostname="ChetnaM-PC" name="com.adv.qa.selenium.tests.currency.A035_Structure_RebuildTest" tests="1" failures="0" timestamp="05 Jul 2017 17:38:09 GMT" time="133.016" errors="0">
  <testcase name="verify" time="133.016" classname="com.adv.qa.selenium.tests.currency.A035_Structure_RebuildTest"/>
</testsuite> <!-- com.adv.qa.selenium.tests.currency.A035_Structure_RebuildTest -->
