<?xml version="1.0" encoding="UTF-8"?>
<!-- Generated by org.testng.reporters.JUnitReportReporter -->
<testsuite name="com.adv.qa.selenium.tests.currency.phase3.A110_Security_Range_ListsTest" tests="1" time="147.842" ignored="0" failures="0" timestamp="17 May 2017 11:18:24 GMT" skipped="0" hostname="ChetnaM-PC" errors="0">
  <testcase name="verify" time="147.842" classname="com.adv.qa.selenium.tests.currency.phase3.A110_Security_Range_ListsTest"/>
</testsuite> <!-- com.adv.qa.selenium.tests.currency.phase3.A110_Security_Range_ListsTest -->
