<?xml version="1.0" encoding="UTF-8"?>
<!-- Generated by org.testng.reporters.JUnitReportReporter -->
<testsuite name="com.adv.qa.selenium.tests.currency.A026_Layout_CodesTest" tests="1" time="338.277" ignored="0" failures="0" timestamp="23 May 2017 15:57:22 GMT" skipped="0" hostname="ChetnaM-PC" errors="0">
  <testcase name="verify" time="338.277" classname="com.adv.qa.selenium.tests.currency.A026_Layout_CodesTest"/>
</testsuite> <!-- com.adv.qa.selenium.tests.currency.A026_Layout_CodesTest -->
