<?xml version="1.0" encoding="UTF-8"?>
<!-- Generated by org.testng.reporters.JUnitReportReporter -->
<testsuite hostname="Draxayani-PC" name="com.adv.qa.selenium.tests.currency.phase3.AD10014_Enter_Invoice_Due_TodayTest" tests="1" failures="0" timestamp="6 Nov 2014 04:32:13 GMT" time="299.302" errors="0">
  <testcase name="verify" time="299.302" classname="com.adv.qa.selenium.tests.currency.phase3.AD10014_Enter_Invoice_Due_TodayTest"/>
</testsuite> <!-- com.adv.qa.selenium.tests.currency.phase3.AD10014_Enter_Invoice_Due_TodayTest -->
