<?xml version="1.0" encoding="UTF-8"?>
<!-- Generated by org.testng.reporters.JUnitReportReporter -->
<testsuite name="com.adv.qa.selenium.tests.currency.A038_Process_EP2SQLTest" tests="1" time="127.665" ignored="0" failures="0" timestamp="21 Apr 2017 14:03:04 GMT" skipped="0" hostname="ChetnaM-PC" errors="0">
  <testcase name="verify" time="127.665" classname="com.adv.qa.selenium.tests.currency.A038_Process_EP2SQLTest"/>
</testsuite> <!-- com.adv.qa.selenium.tests.currency.A038_Process_EP2SQLTest -->
