<?xml version="1.0" encoding="UTF-8"?>
<!-- Generated by org.testng.reporters.JUnitReportReporter -->
<testsuite hostname="Draxayani-PC" name="com.adv.qa.selenium.tests.currency.phase3.AD03016_Period_EndTest" tests="1" failures="0" timestamp="4 Nov 2014 10:40:02 GMT" time="191.272" errors="0">
  <testcase name="verify" time="191.272" classname="com.adv.qa.selenium.tests.currency.phase3.AD03016_Period_EndTest"/>
</testsuite> <!-- com.adv.qa.selenium.tests.currency.phase3.AD03016_Period_EndTest -->
