<?xml version="1.0" encoding="UTF-8"?>
<!-- Generated by org.testng.reporters.JUnitReportReporter -->
<testsuite skipped="0" hostname="ChetnaM-PC" name="com.adv.qa.selenium.tests.currency.A020_Ledger_Control_AccountsTest" tests="1" failures="0" timestamp="06 Jul 2017 18:00:40 GMT" time="126.262" errors="0">
  <testcase name="verify" time="126.262" classname="com.adv.qa.selenium.tests.currency.A020_Ledger_Control_AccountsTest"/>
</testsuite> <!-- com.adv.qa.selenium.tests.currency.A020_Ledger_Control_AccountsTest -->
