<?xml version="1.0" encoding="UTF-8"?>
<!-- Generated by org.testng.reporters.JUnitReportReporter -->
<testsuite name="com.adv.qa.selenium.tests.currency.phase2.A051A_Purchase_Ledger_Bank_CodesTest" tests="1" time="297.576" ignored="0" failures="0" timestamp="24 Apr 2017 06:43:05 GMT" skipped="0" hostname="ChetnaM-PC" errors="0">
  <testcase name="verify" time="297.576" classname="com.adv.qa.selenium.tests.currency.phase2.A051A_Purchase_Ledger_Bank_CodesTest"/>
</testsuite> <!-- com.adv.qa.selenium.tests.currency.phase2.A051A_Purchase_Ledger_Bank_CodesTest -->
