<?xml version="1.0" encoding="UTF-8"?>
<!-- Generated by org.testng.reporters.JUnitReportReporter -->
<testsuite hostname="Draxayani-PC" name="com.adv.qa.selenium.tests.currency.phase3.Progresso" tests="1" failures="0" timestamp="11 Sep 2015 13:00:21 GMT" time="15.795" errors="0">
  <testcase name="runPgm" time="15.795" classname="com.adv.qa.selenium.tests.currency.phase3.Progresso"/>
</testsuite> <!-- com.adv.qa.selenium.tests.currency.phase3.Progresso -->
