<?xml version="1.0" encoding="UTF-8"?>
<!-- Generated by org.testng.reporters.JUnitReportReporter -->
<testsuite hostname="Draxayani-PC" name="com.adv.qa.selenium.tests.currency.phase3.A115_User_Roles_Set_upTest" tests="1" failures="0" timestamp="3 Nov 2014 09:43:08 GMT" time="450.739" errors="0">
  <testcase name="verify" time="450.739" classname="com.adv.qa.selenium.tests.currency.phase3.A115_User_Roles_Set_upTest"/>
</testsuite> <!-- com.adv.qa.selenium.tests.currency.phase3.A115_User_Roles_Set_upTest -->
