<?xml version="1.0" encoding="UTF-8"?>
<!-- Generated by org.testng.reporters.JUnitReportReporter -->
<testsuite hostname="Draxayani-PC" name="com.adv.qa.selenium.tests.currency.phase3.AD10002_Enter_Taxable_DebitNotes" tests="1" failures="0" timestamp="5 Nov 2014 10:00:33 GMT" time="365.035" errors="0">
  <testcase name="verify" time="365.035" classname="com.adv.qa.selenium.tests.currency.phase3.AD10002_Enter_Taxable_DebitNotes"/>
</testsuite> <!-- com.adv.qa.selenium.tests.currency.phase3.AD10002_Enter_Taxable_DebitNotes -->
