<?xml version="1.0" encoding="UTF-8"?>
<!-- Generated by org.testng.reporters.JUnitReportReporter -->
<testsuite name="com.adv.qa.selenium.tests.currency.phase3.A095_Business_Event_Manager_Program_V_EventTest" tests="1" time="78.002" ignored="0" failures="0" timestamp="08 May 2017 11:06:43 GMT" skipped="0" hostname="ChetnaM-PC" errors="0">
  <testcase name="verify" time="78.002" classname="com.adv.qa.selenium.tests.currency.phase3.A095_Business_Event_Manager_Program_V_EventTest"/>
</testsuite> <!-- com.adv.qa.selenium.tests.currency.phase3.A095_Business_Event_Manager_Program_V_EventTest -->
