<?xml version="1.0" encoding="UTF-8"?>
<!-- Generated by org.testng.reporters.JUnitReportReporter -->
<testsuite hostname="Draxayani-PC" name="com.adv.qa.selenium.tests.currency.phase3.AD09004_Classification_Codes_For_Item_HierarchyTest" tests="1" failures="0" timestamp="4 Nov 2014 11:06:19 GMT" time="152.847" errors="0">
  <testcase name="verify" time="152.847" classname="com.adv.qa.selenium.tests.currency.phase3.AD09004_Classification_Codes_For_Item_HierarchyTest"/>
</testsuite> <!-- com.adv.qa.selenium.tests.currency.phase3.AD09004_Classification_Codes_For_Item_HierarchyTest -->
