<?xml version="1.0" encoding="UTF-8"?>
<!-- Generated by org.testng.reporters.JUnitReportReporter -->
<testsuite skipped="0" hostname="ChetnaM-PC" name="com.adv.qa.selenium.tests.currency.A036_BTZ_Elements_For_ICA_StructureTest" tests="1" failures="0" timestamp="05 Jul 2017 17:38:09 GMT" time="183.730" errors="0">
  <testcase name="verify" time="183.730" classname="com.adv.qa.selenium.tests.currency.A036_BTZ_Elements_For_ICA_StructureTest"/>
</testsuite> <!-- com.adv.qa.selenium.tests.currency.A036_BTZ_Elements_For_ICA_StructureTest -->
