<?xml version="1.0" encoding="UTF-8"?>
<!-- Generated by org.testng.reporters.JUnitReportReporter -->
<testsuite name="com.adv.qa.selenium.tests.currency.phase2.A089_Amend_AP_Company_Controls_For_AuthorisationTest" tests="1" time="207.304" ignored="0" failures="0" timestamp="24 May 2017 15:57:59 GMT" skipped="0" hostname="ChetnaM-PC" errors="0">
  <testcase name="verify" time="207.304" classname="com.adv.qa.selenium.tests.currency.phase2.A089_Amend_AP_Company_Controls_For_AuthorisationTest"/>
</testsuite> <!-- com.adv.qa.selenium.tests.currency.phase2.A089_Amend_AP_Company_Controls_For_AuthorisationTest -->
