<?xml version="1.0" encoding="UTF-8"?>
<!-- Generated by org.testng.reporters.JUnitReportReporter -->
<testsuite name="com.adv.qa.selenium.tests.currency.phase2.A071_Document_PrefixCodesTest" tests="1" time="439.334" ignored="0" failures="0" timestamp="24 May 2017 15:57:59 GMT" skipped="0" hostname="ChetnaM-PC" errors="0">
  <testcase name="verify" time="439.334" classname="com.adv.qa.selenium.tests.currency.phase2.A071_Document_PrefixCodesTest"/>
</testsuite> <!-- com.adv.qa.selenium.tests.currency.phase2.A071_Document_PrefixCodesTest -->
