<?xml version="1.0" encoding="UTF-8"?>
<!-- Generated by org.testng.reporters.JUnitReportReporter -->
<testsuite hostname="Draxayani-PC" name="com.adv.qa.selenium.tests.currency.phase3.AD01008_IM_Audit_ReportsTest" tests="1" failures="0" timestamp="3 Nov 2014 10:41:27 GMT" time="625.365" errors="0">
  <testcase name="verify" time="625.365" classname="com.adv.qa.selenium.tests.currency.phase3.AD01008_IM_Audit_ReportsTest"/>
</testsuite> <!-- com.adv.qa.selenium.tests.currency.phase3.AD01008_IM_Audit_ReportsTest -->
