<?xml version="1.0" encoding="UTF-8"?>
<!-- Generated by org.testng.reporters.JUnitReportReporter -->
<testsuite hostname="Draxayani-PC" name="com.adv.qa.selenium.tests.currency.Testing" tests="1" failures="0" timestamp="10 Apr 2014 06:42:45 GMT" time="4.330" errors="0">
  <testcase name="verify" time="4.330" classname="com.adv.qa.selenium.tests.currency.Testing"/>
</testsuite> <!-- com.adv.qa.selenium.tests.currency.Testing -->
