<?xml version="1.0" encoding="UTF-8"?>
<!-- Generated by org.testng.reporters.JUnitReportReporter -->
<testsuite name="com.adv.qa.selenium.tests.currency.phase3.A092_Supplier_ElementsTest" tests="1" time="830.230" ignored="0" failures="0" timestamp="26 May 2017 07:39:56 GMT" skipped="0" hostname="ChetnaM-PC" errors="0">
  <testcase name="verify" time="830.230" classname="com.adv.qa.selenium.tests.currency.phase3.A092_Supplier_ElementsTest"/>
</testsuite> <!-- com.adv.qa.selenium.tests.currency.phase3.A092_Supplier_ElementsTest -->
