<?xml version="1.0" encoding="UTF-8"?>
<!-- Generated by org.testng.reporters.JUnitReportReporter -->
<testsuite skipped="0" hostname="ChetnaM-PC" name="com.adv.qa.selenium.tests.currency.A018B_Ledger_Control_Nominals" tests="1" failures="0" timestamp="27 Jun 2017 13:12:16 GMT" time="414.068" errors="0">
  <testcase name="verify" time="414.068" classname="com.adv.qa.selenium.tests.currency.A018B_Ledger_Control_Nominals"/>
</testsuite> <!-- com.adv.qa.selenium.tests.currency.A018B_Ledger_Control_Nominals -->
