<?xml version="1.0" encoding="UTF-8"?>
<!-- Generated by org.testng.reporters.JUnitReportReporter -->
<testsuite hostname="Draxayani-PC" name="com.adv.qa.selenium.tests.currency.phase2.A083A_Structure_AuthorisersTest" tests="1" failures="0" timestamp="5 Sep 2014 09:40:37 GMT" time="192.432" errors="0">
  <testcase name="verify" time="192.432" classname="com.adv.qa.selenium.tests.currency.phase2.A083A_Structure_AuthorisersTest"/>
</testsuite> <!-- com.adv.qa.selenium.tests.currency.phase2.A083A_Structure_AuthorisersTest -->
