<?xml version="1.0" encoding="UTF-8"?>
<!-- Generated by org.testng.reporters.JUnitReportReporter -->
<testsuite skipped="0" hostname="ChetnaM-PC" name="com.adv.qa.selenium.tests.currency.A009_Distribution_ProfileTest" tests="1" failures="0" timestamp="22 Jun 2017 15:32:36 GMT" time="174.453" errors="0">
  <testcase name="verify" time="174.453" classname="com.adv.qa.selenium.tests.currency.A009_Distribution_ProfileTest"/>
</testsuite> <!-- com.adv.qa.selenium.tests.currency.A009_Distribution_ProfileTest -->
